# JRE version: OpenJDK Runtime Environment (8.0_112-b06) (build 1.8.0_112-release-b06)
# Java VM: OpenJDK 64-Bit Server VM (25.112-b06 mixed mode windows-amd64 compressed oops)
Heap:
 PSYoungGen      total 303104K, used 43081K [0x00000000e0000000, 0x00000000f5080000, 0x0000000100000000)
  eden space 292352K, 11% used [0x00000000e0000000,0x00000000e2080f78,0x00000000f1d80000)
  from space 10752K, 91% used [0x00000000f4600000,0x00000000f4f91688,0x00000000f5080000)
  to   space 26112K, 0% used [0x00000000f1d80000,0x00000000f1d80000,0x00000000f3700000)
 ParOldGen       total 151552K, used 47698K [0x00000000a0000000, 0x00000000a9400000, 0x00000000e0000000)
  object space 151552K, 31% used [0x00000000a0000000,0x00000000a2e94b48,0x00000000a9400000)
 Metaspace       used 61464K, capacity 62862K, committed 63104K, reserved 1103872K
  class space    used 7935K, capacity 8263K, committed 8320K, reserved 1048576K
GC Heap History (10 events):
Event: 8.280 GC heap before
{Heap before GC invocations=9 (full 2):
 PSYoungGen      total 184832K, used 173056K [0x00000000e0000000, 0x00000000ee600000, 0x0000000100000000)
  eden space 173056K, 100% used [0x00000000e0000000,0x00000000ea900000,0x00000000ea900000)
  from space 11776K, 0% used [0x00000000eb580000,0x00000000eb580000,0x00000000ec100000)
  to   space 12800K, 0% used [0x00000000ea900000,0x00000000ea900000,0x00000000eb580000)
 ParOldGen       total 89600K, used 17302K [0x00000000a0000000, 0x00000000a5780000, 0x00000000e0000000)
  object space 89600K, 19% used [0x00000000a0000000,0x00000000a10e5970,0x00000000a5780000)
 Metaspace       used 41993K, capacity 42774K, committed 43264K, reserved 1087488K
  class space    used 5573K, capacity 5765K, committed 5888K, reserved 1048576K
Event: 8.291 GC heap after
Heap after GC invocations=9 (full 2):
 PSYoungGen      total 185856K, used 11432K [0x00000000e0000000, 0x00000000f1380000, 0x0000000100000000)
  eden space 173056K, 0% used [0x00000000e0000000,0x00000000e0000000,0x00000000ea900000)
  from space 12800K, 89% used [0x00000000ea900000,0x00000000eb42a108,0x00000000eb580000)
  to   space 13824K, 0% used [0x00000000f0600000,0x00000000f0600000,0x00000000f1380000)
 ParOldGen       total 89600K, used 17374K [0x00000000a0000000, 0x00000000a5780000, 0x00000000e0000000)
  object space 89600K, 19% used [0x00000000a0000000,0x00000000a10f7980,0x00000000a5780000)
 Metaspace       used 41993K, capacity 42774K, committed 43264K, reserved 1087488K
  class space    used 5573K, capacity 5765K, committed 5888K, reserved 1048576K
}
Event: 11.011 GC heap before
{Heap before GC invocations=10 (full 2):
 PSYoungGen      total 185856K, used 184488K [0x00000000e0000000, 0x00000000f1380000, 0x0000000100000000)
  eden space 173056K, 100% used [0x00000000e0000000,0x00000000ea900000,0x00000000ea900000)
  from space 12800K, 89% used [0x00000000ea900000,0x00000000eb42a108,0x00000000eb580000)
  to   space 13824K, 0% used [0x00000000f0600000,0x00000000f0600000,0x00000000f1380000)
 ParOldGen       total 89600K, used 17374K [0x00000000a0000000, 0x00000000a5780000, 0x00000000e0000000)
  object space 89600K, 19% used [0x00000000a0000000,0x00000000a10f7980,0x00000000a5780000)
 Metaspace       used 49036K, capacity 50276K, committed 50304K, reserved 1093632K
  class space    used 6526K, capacity 6784K, committed 6784K, reserved 1048576K
Event: 11.035 GC heap after
Heap after GC invocations=10 (full 2):
 PSYoungGen      total 261120K, used 13795K [0x00000000e0000000, 0x00000000f1680000, 0x0000000100000000)
  eden space 247296K, 0% used [0x00000000e0000000,0x00000000e0000000,0x00000000ef180000)
  from space 13824K, 99% used [0x00000000f0600000,0x00000000f1378ca0,0x00000000f1380000)
  to   space 18944K, 0% used [0x00000000ef180000,0x00000000ef180000,0x00000000f0400000)
 ParOldGen       total 89600K, used 24840K [0x00000000a0000000, 0x00000000a5780000, 0x00000000e0000000)
  object space 89600K, 27% used [0x00000000a0000000,0x00000000a1842110,0x00000000a5780000)
 Metaspace       used 49036K, capacity 50276K, committed 50304K, reserved 1093632K
  class space    used 6526K, capacity 6784K, committed 6784K, reserved 1048576K
}
Event: 13.768 GC heap before
{Heap before GC invocations=11 (full 2):
 PSYoungGen      total 261120K, used 206573K [0x00000000e0000000, 0x00000000f1680000, 0x0000000100000000)
  eden space 247296K, 77% used [0x00000000e0000000,0x00000000ebc42988,0x00000000ef180000)
  from space 13824K, 99% used [0x00000000f0600000,0x00000000f1378ca0,0x00000000f1380000)
  to   space 18944K, 0% used [0x00000000ef180000,0x00000000ef180000,0x00000000f0400000)
 ParOldGen       total 89600K, used 24840K [0x00000000a0000000, 0x00000000a5780000, 0x00000000e0000000)
  object space 89600K, 27% used [0x00000000a0000000,0x00000000a1842110,0x00000000a5780000)
 Metaspace       used 57734K, capacity 59010K, committed 59160K, reserved 1101824K
  class space    used 7462K, capacity 7771K, committed 7808K, reserved 1048576K
Event: 13.798 GC heap after
Heap after GC invocations=11 (full 2):
 PSYoungGen      total 266240K, used 18937K [0x00000000e0000000, 0x00000000f6080000, 0x0000000100000000)
  eden space 247296K, 0% used [0x00000000e0000000,0x00000000e0000000,0x00000000ef180000)
  from space 18944K, 99% used [0x00000000ef180000,0x00000000f03fe470,0x00000000f0400000)
  to   space 27136K, 0% used [0x00000000f4600000,0x00000000f4600000,0x00000000f6080000)
 ParOldGen       total 89600K, used 38345K [0x00000000a0000000, 0x00000000a5780000, 0x00000000e0000000)
  object space 89600K, 42% used [0x00000000a0000000,0x00000000a2572758,0x00000000a5780000)
 Metaspace       used 57734K, capacity 59010K, committed 59160K, reserved 1101824K
  class space    used 7462K, capacity 7771K, committed 7808K, reserved 1048576K
}
Event: 13.798 GC heap before
{Heap before GC invocations=12 (full 3):
 PSYoungGen      total 266240K, used 18937K [0x00000000e0000000, 0x00000000f6080000, 0x0000000100000000)
  eden space 247296K, 0% used [0x00000000e0000000,0x00000000e0000000,0x00000000ef180000)
  from space 18944K, 99% used [0x00000000ef180000,0x00000000f03fe470,0x00000000f0400000)
  to   space 27136K, 0% used [0x00000000f4600000,0x00000000f4600000,0x00000000f6080000)
 ParOldGen       total 89600K, used 38345K [0x00000000a0000000, 0x00000000a5780000, 0x00000000e0000000)
  object space 89600K, 42% used [0x00000000a0000000,0x00000000a2572758,0x00000000a5780000)
 Metaspace       used 57734K, capacity 59010K, committed 59160K, reserved 1101824K
  class space    used 7462K, capacity 7771K, committed 7808K, reserved 1048576K
Event: 14.130 GC heap after
Heap after GC invocations=12 (full 3):
 PSYoungGen      total 266240K, used 0K [0x00000000e0000000, 0x00000000f6080000, 0x0000000100000000)
  eden space 247296K, 0% used [0x00000000e0000000,0x00000000e0000000,0x00000000ef180000)
  from space 18944K, 0% used [0x00000000ef180000,0x00000000ef180000,0x00000000f0400000)
  to   space 27136K, 0% used [0x00000000f4600000,0x00000000f4600000,0x00000000f6080000)
 ParOldGen       total 151552K, used 47434K [0x00000000a0000000, 0x00000000a9400000, 0x00000000e0000000)
  object space 151552K, 31% used [0x00000000a0000000,0x00000000a2e52b30,0x00000000a9400000)
 Metaspace       used 57734K, capacity 59010K, committed 59160K, reserved 1101824K
  class space    used 7462K, capacity 7771K, committed 7808K, reserved 1048576K
}
Event: 16.209 GC heap before
{Heap before GC invocations=13 (full 3):
 PSYoungGen      total 266240K, used 246507K [0x00000000e0000000, 0x00000000f6080000, 0x0000000100000000)
  eden space 247296K, 99% used [0x00000000e0000000,0x00000000ef0bae48,0x00000000ef180000)
  from space 18944K, 0% used [0x00000000ef180000,0x00000000ef180000,0x00000000f0400000)
  to   space 27136K, 0% used [0x00000000f4600000,0x00000000f4600000,0x00000000f6080000)
 ParOldGen       total 151552K, used 47434K [0x00000000a0000000, 0x00000000a9400000, 0x00000000e0000000)
  object space 151552K, 31% used [0x00000000a0000000,0x00000000a2e52b30,0x00000000a9400000)
 Metaspace       used 60075K, capacity 61496K, committed 61696K, reserved 1103872K
  class space    used 7777K, capacity 8090K, committed 8192K, reserved 1048576K
Event: 16.218 GC heap after
Heap after GC invocations=13 (full 3):
 PSYoungGen      total 303104K, used 9797K [0x00000000e0000000, 0x00000000f5080000, 0x0000000100000000)
  eden space 292352K, 0% used [0x00000000e0000000,0x00000000e0000000,0x00000000f1d80000)
  from space 10752K, 91% used [0x00000000f4600000,0x00000000f4f91688,0x00000000f5080000)
  to   space 26112K, 0% used [0x00000000f1d80000,0x00000000f1d80000,0x00000000f3700000)
 ParOldGen       total 151552K, used 47698K [0x00000000a0000000, 0x00000000a9400000, 0x00000000e0000000)
  object space 151552K, 31% used [0x00000000a0000000,0x00000000a2e94b48,0x00000000a9400000)
 Metaspace       used 60075K, capacity 61496K, committed 61696K, reserved 1103872K
  class space    used 7777K, capacity 8090K, committed 8192K, reserved 1048576K
}

